<?xml version="1.0" encoding="UTF-8" ?>
<testsuite tests="6" failures="0" name="com.hml.service.UserServiceTest" time="1.201" errors="0" skipped="0">
  <properties>
[...]
</properties>
  <testcase classname="com.hml.service.UserServiceTest" name="testGet" time="1.148"/>
  <testcase classname="com.hml.service.UserServiceTest" name="testLogin" time="0.005"/>
  <testcase classname="com.hml.service.UserServiceTest" name="testSave" time="0.008"/>
  <testcase classname="com.hml.service.UserServiceTest" name="testDelete" time="0.003"/>
  <testcase classname="com.hml.service.UserServiceTest" name="testGetAll" time="0.033"/>
  <testcase classname="com.hml.service.UserServiceTest" name="testUpdate" time="0.004"/>
</testsuite>